<?xml version="1.0" encoding="UTF-8"?>
<testsuite xmlns:xsi="http://www.w3.org/2001/XMLSchema-instance" xsi:noNamespaceSchemaLocation="https://maven.apache.org/surefire/maven-surefire-plugin/xsd/surefire-test-report-3.0.xsd" version="3.0" name="tg.bot.handlers.commands.StartCommandTest" time="1.723" tests="2" errors="0" skipped="0" failures="2">
  <properties>
    <property name="java.specification.version" value="17"/>
    <property name="sun.jnu.encoding" value="UTF-8"/>
    <property name="java.class.path" value="/home/amur/Рабочий стол/DishBot/target/test-classes:/home/amur/Рабочий стол/DishBot/target/classes:/home/amur/.m2/repository/org/telegram/telegrambots/6.9.7.1/telegrambots-6.9.7.1.jar:/home/amur/.m2/repository/org/telegram/telegrambots-meta/6.9.7.1/telegrambots-meta-6.9.7.1.jar:/home/amur/.m2/repository/org/apache/commons/commons-lang3/3.14.0/commons-lang3-3.14.0.jar:/home/amur/.m2/repository/com/fasterxml/jackson/datatype/jackson-datatype-jsr310/2.16.1/jackson-datatype-jsr310-2.16.1.jar:/home/amur/.m2/repository/com/fasterxml/jackson/core/jackson-annotations/2.16.1/jackson-annotations-2.16.1.jar:/home/amur/.m2/repository/com/fasterxml/jackson/jaxrs/jackson-jaxrs-json-provider/2.16.1/jackson-jaxrs-json-provider-2.16.1.jar:/home/amur/.m2/repository/com/fasterxml/jackson/jaxrs/jackson-jaxrs-base/2.16.1/jackson-jaxrs-base-2.16.1.jar:/home/amur/.m2/repository/com/fasterxml/jackson/module/jackson-module-jaxb-annotations/2.16.1/jackson-module-jaxb-annotations-2.16.1.jar:/home/amur/.m2/repository/com/fasterxml/jackson/core/jackson-core/2.16.1/jackson-core-2.16.1.jar:/home/amur/.m2/repository/com/fasterxml/jackson/core/jackson-databind/2.16.1/jackson-databind-2.16.1.jar:/home/amur/.m2/repository/org/glassfish/jersey/inject/jersey-hk2/2.41/jersey-hk2-2.41.jar:/home/amur/.m2/repository/org/glassfish/jersey/core/jersey-common/2.41/jersey-common-2.41.jar:/home/amur/.m2/repository/org/glassfish/hk2/osgi-resource-locator/1.0.3/osgi-resource-locator-1.0.3.jar:/home/amur/.m2/repository/org/glassfish/hk2/hk2-locator/2.6.1/hk2-locator-2.6.1.jar:/home/amur/.m2/repository/org/glassfish/hk2/external/aopalliance-repackaged/2.6.1/aopalliance-repackaged-2.6.1.jar:/home/amur/.m2/repository/org/glassfish/hk2/hk2-api/2.6.1/hk2-api-2.6.1.jar:/home/amur/.m2/repository/org/glassfish/hk2/hk2-utils/2.6.1/hk2-utils-2.6.1.jar:/home/amur/.m2/repository/org/javassist/javassist/3.29.2-GA/javassist-3.29.2-GA.jar:/home/amur/.m2/repository/org/glassfish/jersey/media/jersey-media-json-jackson/2.41/jersey-media-json-jackson-2.41.jar:/home/amur/.m2/repository/org/glassfish/jersey/ext/jersey-entity-filtering/2.41/jersey-entity-filtering-2.41.jar:/home/amur/.m2/repository/org/glassfish/jersey/containers/jersey-container-grizzly2-http/2.41/jersey-container-grizzly2-http-2.41.jar:/home/amur/.m2/repository/org/glassfish/hk2/external/jakarta.inject/2.6.1/jakarta.inject-2.6.1.jar:/home/amur/.m2/repository/org/glassfish/grizzly/grizzly-http-server/2.4.4/grizzly-http-server-2.4.4.jar:/home/amur/.m2/repository/org/glassfish/grizzly/grizzly-http/2.4.4/grizzly-http-2.4.4.jar:/home/amur/.m2/repository/org/glassfish/grizzly/grizzly-framework/2.4.4/grizzly-framework-2.4.4.jar:/home/amur/.m2/repository/jakarta/ws/rs/jakarta.ws.rs-api/2.1.6/jakarta.ws.rs-api-2.1.6.jar:/home/amur/.m2/repository/org/glassfish/jersey/core/jersey-server/2.41/jersey-server-2.41.jar:/home/amur/.m2/repository/org/glassfish/jersey/core/jersey-client/2.41/jersey-client-2.41.jar:/home/amur/.m2/repository/jakarta/validation/jakarta.validation-api/2.0.2/jakarta.validation-api-2.0.2.jar:/home/amur/.m2/repository/org/apache/httpcomponents/httpclient/4.5.14/httpclient-4.5.14.jar:/home/amur/.m2/repository/org/apache/httpcomponents/httpcore/4.4.16/httpcore-4.4.16.jar:/home/amur/.m2/repository/commons-logging/commons-logging/1.2/commons-logging-1.2.jar:/home/amur/.m2/repository/commons-codec/commons-codec/1.11/commons-codec-1.11.jar:/home/amur/.m2/repository/org/apache/httpcomponents/httpmime/4.5.14/httpmime-4.5.14.jar:/home/amur/.m2/repository/commons-io/commons-io/2.15.1/commons-io-2.15.1.jar:/home/amur/.m2/repository/org/slf4j/slf4j-api/2.0.11/slf4j-api-2.0.11.jar:/home/amur/.m2/repository/org/springframework/boot/spring-boot/3.2.2/spring-boot-3.2.2.jar:/home/amur/.m2/repository/org/springframework/spring-core/6.1.3/spring-core-6.1.3.jar:/home/amur/.m2/repository/org/springframework/spring-jcl/6.1.3/spring-jcl-6.1.3.jar:/home/amur/.m2/repository/org/springframework/spring-context/6.1.3/spring-context-6.1.3.jar:/home/amur/.m2/repository/org/springframework/spring-aop/6.1.3/spring-aop-6.1.3.jar:/home/amur/.m2/repository/org/springframework/spring-beans/6.1.3/spring-beans-6.1.3.jar:/home/amur/.m2/repository/org/springframework/spring-expression/6.1.3/spring-expression-6.1.3.jar:/home/amur/.m2/repository/io/micrometer/micrometer-observation/1.12.2/micrometer-observation-1.12.2.jar:/home/amur/.m2/repository/io/micrometer/micrometer-commons/1.12.2/micrometer-commons-1.12.2.jar:/home/amur/.m2/repository/org/springframework/boot/spring-boot-starter/3.2.2/spring-boot-starter-3.2.2.jar:/home/amur/.m2/repository/org/springframework/boot/spring-boot-autoconfigure/3.2.2/spring-boot-autoconfigure-3.2.2.jar:/home/amur/.m2/repository/org/springframework/boot/spring-boot-starter-logging/3.2.2/spring-boot-starter-logging-3.2.2.jar:/home/amur/.m2/repository/ch/qos/logback/logback-classic/1.4.14/logback-classic-1.4.14.jar:/home/amur/.m2/repository/ch/qos/logback/logback-core/1.4.14/logback-core-1.4.14.jar:/home/amur/.m2/repository/org/apache/logging/log4j/log4j-to-slf4j/2.21.1/log4j-to-slf4j-2.21.1.jar:/home/amur/.m2/repository/org/apache/logging/log4j/log4j-api/2.21.1/log4j-api-2.21.1.jar:/home/amur/.m2/repository/org/slf4j/jul-to-slf4j/2.0.11/jul-to-slf4j-2.0.11.jar:/home/amur/.m2/repository/jakarta/annotation/jakarta.annotation-api/2.1.1/jakarta.annotation-api-2.1.1.jar:/home/amur/.m2/repository/org/yaml/snakeyaml/2.2/snakeyaml-2.2.jar:/home/amur/.m2/repository/jakarta/persistence/jakarta.persistence-api/3.1.0/jakarta.persistence-api-3.1.0.jar:/home/amur/.m2/repository/jakarta/transaction/jakarta.transaction-api/2.0.1/jakarta.transaction-api-2.0.1.jar:/home/amur/.m2/repository/org/jboss/logging/jboss-logging/3.5.0.Final/jboss-logging-3.5.0.Final.jar:/home/amur/.m2/repository/org/hibernate/common/hibernate-commons-annotations/6.0.6.Final/hibernate-commons-annotations-6.0.6.Final.jar:/home/amur/.m2/repository/io/smallrye/jandex/3.1.2/jandex-3.1.2.jar:/home/amur/.m2/repository/com/fasterxml/classmate/1.5.1/classmate-1.5.1.jar:/home/amur/.m2/repository/net/bytebuddy/byte-buddy/1.14.11/byte-buddy-1.14.11.jar:/home/amur/.m2/repository/jakarta/xml/bind/jakarta.xml.bind-api/4.0.0/jakarta.xml.bind-api-4.0.0.jar:/home/amur/.m2/repository/jakarta/activation/jakarta.activation-api/2.1.0/jakarta.activation-api-2.1.0.jar:/home/amur/.m2/repository/org/glassfish/jaxb/jaxb-runtime/4.0.2/jaxb-runtime-4.0.2.jar:/home/amur/.m2/repository/org/glassfish/jaxb/jaxb-core/4.0.2/jaxb-core-4.0.2.jar:/home/amur/.m2/repository/org/eclipse/angus/angus-activation/2.0.0/angus-activation-2.0.0.jar:/home/amur/.m2/repository/org/glassfish/jaxb/txw2/4.0.2/txw2-4.0.2.jar:/home/amur/.m2/repository/com/sun/istack/istack-commons-runtime/4.1.1/istack-commons-runtime-4.1.1.jar:/home/amur/.m2/repository/jakarta/inject/jakarta.inject-api/2.0.1/jakarta.inject-api-2.0.1.jar:/home/amur/.m2/repository/org/antlr/antlr4-runtime/4.13.0/antlr4-runtime-4.13.0.jar:/home/amur/.m2/repository/org/springframework/boot/spring-boot-starter-data-jpa/3.2.2/spring-boot-starter-data-jpa-3.2.2.jar:/home/amur/.m2/repository/org/springframework/boot/spring-boot-starter-aop/3.2.2/spring-boot-starter-aop-3.2.2.jar:/home/amur/.m2/repository/org/aspectj/aspectjweaver/1.9.21/aspectjweaver-1.9.21.jar:/home/amur/.m2/repository/org/springframework/boot/spring-boot-starter-jdbc/3.2.2/spring-boot-starter-jdbc-3.2.2.jar:/home/amur/.m2/repository/com/zaxxer/HikariCP/5.0.1/HikariCP-5.0.1.jar:/home/amur/.m2/repository/org/springframework/spring-jdbc/6.1.3/spring-jdbc-6.1.3.jar:/home/amur/.m2/repository/org/hibernate/orm/hibernate-core/6.4.1.Final/hibernate-core-6.4.1.Final.jar:/home/amur/.m2/repository/org/springframework/data/spring-data-jpa/3.2.2/spring-data-jpa-3.2.2.jar:/home/amur/.m2/repository/org/springframework/data/spring-data-commons/3.2.2/spring-data-commons-3.2.2.jar:/home/amur/.m2/repository/org/springframework/spring-orm/6.1.3/spring-orm-6.1.3.jar:/home/amur/.m2/repository/org/springframework/spring-tx/6.1.3/spring-tx-6.1.3.jar:/home/amur/.m2/repository/org/springframework/spring-aspects/6.1.3/spring-aspects-6.1.3.jar:/home/amur/.m2/repository/javax/xml/bind/jaxb-api/2.3.0/jaxb-api-2.3.0.jar:/home/amur/.m2/repository/org/postgresql/postgresql/42.7.2/postgresql-42.7.2.jar:/home/amur/.m2/repository/org/checkerframework/checker-qual/3.42.0/checker-qual-3.42.0.jar:/home/amur/.m2/repository/org/springframework/boot/spring-boot-starter-validation/3.2.2/spring-boot-starter-validation-3.2.2.jar:/home/amur/.m2/repository/org/apache/tomcat/embed/tomcat-embed-el/10.1.18/tomcat-embed-el-10.1.18.jar:/home/amur/.m2/repository/org/hibernate/validator/hibernate-validator/8.0.1.Final/hibernate-validator-8.0.1.Final.jar:/home/amur/.m2/repository/org/mockito/mockito-core/5.10.0/mockito-core-5.10.0.jar:/home/amur/.m2/repository/net/bytebuddy/byte-buddy-agent/1.14.11/byte-buddy-agent-1.14.11.jar:/home/amur/.m2/repository/org/objenesis/objenesis/3.3/objenesis-3.3.jar:/home/amur/.m2/repository/org/junit/jupiter/junit-jupiter-api/5.10.2/junit-jupiter-api-5.10.2.jar:/home/amur/.m2/repository/org/opentest4j/opentest4j/1.3.0/opentest4j-1.3.0.jar:/home/amur/.m2/repository/org/junit/platform/junit-platform-commons/1.10.2/junit-platform-commons-1.10.2.jar:/home/amur/.m2/repository/org/apiguardian/apiguardian-api/1.1.2/apiguardian-api-1.1.2.jar:/home/amur/.m2/repository/org/junit/jupiter/junit-jupiter-engine/5.10.2/junit-jupiter-engine-5.10.2.jar:/home/amur/.m2/repository/org/junit/platform/junit-platform-engine/1.10.2/junit-platform-engine-1.10.2.jar:/home/amur/.m2/repository/org/junit/jupiter/junit-jupiter/5.10.2/junit-jupiter-5.10.2.jar:/home/amur/.m2/repository/org/junit/jupiter/junit-jupiter-params/5.10.2/junit-jupiter-params-5.10.2.jar:/home/amur/.m2/repository/org/projectlombok/lombok/1.18.30/lombok-1.18.30.jar:"/>
    <property name="java.vm.vendor" value="Private Build"/>
    <property name="sun.arch.data.model" value="64"/>
    <property name="java.vendor.url" value="Unknown"/>
    <property name="user.timezone" value="Europe/Moscow"/>
    <property name="os.name" value="Linux"/>
    <property name="java.vm.specification.version" value="17"/>
    <property name="sun.java.launcher" value="SUN_STANDARD"/>
    <property name="user.country" value="RU"/>
    <property name="sun.boot.library.path" value="/usr/lib/jvm/java-17-openjdk-amd64/lib"/>
    <property name="sun.java.command" value="/home/amur/Рабочий стол/DishBot/target/surefire/surefirebooter-20240226165043955_3.jar /home/amur/Рабочий стол/DishBot/target/surefire 2024-02-26T16-50-42_899-jvmRun1 surefire-20240226165043955_1tmp surefire_0-20240226165043955_2tmp"/>
    <property name="jdk.debug" value="release"/>
    <property name="surefire.test.class.path" value="/home/amur/Рабочий стол/DishBot/target/test-classes:/home/amur/Рабочий стол/DishBot/target/classes:/home/amur/.m2/repository/org/telegram/telegrambots/6.9.7.1/telegrambots-6.9.7.1.jar:/home/amur/.m2/repository/org/telegram/telegrambots-meta/6.9.7.1/telegrambots-meta-6.9.7.1.jar:/home/amur/.m2/repository/org/apache/commons/commons-lang3/3.14.0/commons-lang3-3.14.0.jar:/home/amur/.m2/repository/com/fasterxml/jackson/datatype/jackson-datatype-jsr310/2.16.1/jackson-datatype-jsr310-2.16.1.jar:/home/amur/.m2/repository/com/fasterxml/jackson/core/jackson-annotations/2.16.1/jackson-annotations-2.16.1.jar:/home/amur/.m2/repository/com/fasterxml/jackson/jaxrs/jackson-jaxrs-json-provider/2.16.1/jackson-jaxrs-json-provider-2.16.1.jar:/home/amur/.m2/repository/com/fasterxml/jackson/jaxrs/jackson-jaxrs-base/2.16.1/jackson-jaxrs-base-2.16.1.jar:/home/amur/.m2/repository/com/fasterxml/jackson/module/jackson-module-jaxb-annotations/2.16.1/jackson-module-jaxb-annotations-2.16.1.jar:/home/amur/.m2/repository/com/fasterxml/jackson/core/jackson-core/2.16.1/jackson-core-2.16.1.jar:/home/amur/.m2/repository/com/fasterxml/jackson/core/jackson-databind/2.16.1/jackson-databind-2.16.1.jar:/home/amur/.m2/repository/org/glassfish/jersey/inject/jersey-hk2/2.41/jersey-hk2-2.41.jar:/home/amur/.m2/repository/org/glassfish/jersey/core/jersey-common/2.41/jersey-common-2.41.jar:/home/amur/.m2/repository/org/glassfish/hk2/osgi-resource-locator/1.0.3/osgi-resource-locator-1.0.3.jar:/home/amur/.m2/repository/org/glassfish/hk2/hk2-locator/2.6.1/hk2-locator-2.6.1.jar:/home/amur/.m2/repository/org/glassfish/hk2/external/aopalliance-repackaged/2.6.1/aopalliance-repackaged-2.6.1.jar:/home/amur/.m2/repository/org/glassfish/hk2/hk2-api/2.6.1/hk2-api-2.6.1.jar:/home/amur/.m2/repository/org/glassfish/hk2/hk2-utils/2.6.1/hk2-utils-2.6.1.jar:/home/amur/.m2/repository/org/javassist/javassist/3.29.2-GA/javassist-3.29.2-GA.jar:/home/amur/.m2/repository/org/glassfish/jersey/media/jersey-media-json-jackson/2.41/jersey-media-json-jackson-2.41.jar:/home/amur/.m2/repository/org/glassfish/jersey/ext/jersey-entity-filtering/2.41/jersey-entity-filtering-2.41.jar:/home/amur/.m2/repository/org/glassfish/jersey/containers/jersey-container-grizzly2-http/2.41/jersey-container-grizzly2-http-2.41.jar:/home/amur/.m2/repository/org/glassfish/hk2/external/jakarta.inject/2.6.1/jakarta.inject-2.6.1.jar:/home/amur/.m2/repository/org/glassfish/grizzly/grizzly-http-server/2.4.4/grizzly-http-server-2.4.4.jar:/home/amur/.m2/repository/org/glassfish/grizzly/grizzly-http/2.4.4/grizzly-http-2.4.4.jar:/home/amur/.m2/repository/org/glassfish/grizzly/grizzly-framework/2.4.4/grizzly-framework-2.4.4.jar:/home/amur/.m2/repository/jakarta/ws/rs/jakarta.ws.rs-api/2.1.6/jakarta.ws.rs-api-2.1.6.jar:/home/amur/.m2/repository/org/glassfish/jersey/core/jersey-server/2.41/jersey-server-2.41.jar:/home/amur/.m2/repository/org/glassfish/jersey/core/jersey-client/2.41/jersey-client-2.41.jar:/home/amur/.m2/repository/jakarta/validation/jakarta.validation-api/2.0.2/jakarta.validation-api-2.0.2.jar:/home/amur/.m2/repository/org/apache/httpcomponents/httpclient/4.5.14/httpclient-4.5.14.jar:/home/amur/.m2/repository/org/apache/httpcomponents/httpcore/4.4.16/httpcore-4.4.16.jar:/home/amur/.m2/repository/commons-logging/commons-logging/1.2/commons-logging-1.2.jar:/home/amur/.m2/repository/commons-codec/commons-codec/1.11/commons-codec-1.11.jar:/home/amur/.m2/repository/org/apache/httpcomponents/httpmime/4.5.14/httpmime-4.5.14.jar:/home/amur/.m2/repository/commons-io/commons-io/2.15.1/commons-io-2.15.1.jar:/home/amur/.m2/repository/org/slf4j/slf4j-api/2.0.11/slf4j-api-2.0.11.jar:/home/amur/.m2/repository/org/springframework/boot/spring-boot/3.2.2/spring-boot-3.2.2.jar:/home/amur/.m2/repository/org/springframework/spring-core/6.1.3/spring-core-6.1.3.jar:/home/amur/.m2/repository/org/springframework/spring-jcl/6.1.3/spring-jcl-6.1.3.jar:/home/amur/.m2/repository/org/springframework/spring-context/6.1.3/spring-context-6.1.3.jar:/home/amur/.m2/repository/org/springframework/spring-aop/6.1.3/spring-aop-6.1.3.jar:/home/amur/.m2/repository/org/springframework/spring-beans/6.1.3/spring-beans-6.1.3.jar:/home/amur/.m2/repository/org/springframework/spring-expression/6.1.3/spring-expression-6.1.3.jar:/home/amur/.m2/repository/io/micrometer/micrometer-observation/1.12.2/micrometer-observation-1.12.2.jar:/home/amur/.m2/repository/io/micrometer/micrometer-commons/1.12.2/micrometer-commons-1.12.2.jar:/home/amur/.m2/repository/org/springframework/boot/spring-boot-starter/3.2.2/spring-boot-starter-3.2.2.jar:/home/amur/.m2/repository/org/springframework/boot/spring-boot-autoconfigure/3.2.2/spring-boot-autoconfigure-3.2.2.jar:/home/amur/.m2/repository/org/springframework/boot/spring-boot-starter-logging/3.2.2/spring-boot-starter-logging-3.2.2.jar:/home/amur/.m2/repository/ch/qos/logback/logback-classic/1.4.14/logback-classic-1.4.14.jar:/home/amur/.m2/repository/ch/qos/logback/logback-core/1.4.14/logback-core-1.4.14.jar:/home/amur/.m2/repository/org/apache/logging/log4j/log4j-to-slf4j/2.21.1/log4j-to-slf4j-2.21.1.jar:/home/amur/.m2/repository/org/apache/logging/log4j/log4j-api/2.21.1/log4j-api-2.21.1.jar:/home/amur/.m2/repository/org/slf4j/jul-to-slf4j/2.0.11/jul-to-slf4j-2.0.11.jar:/home/amur/.m2/repository/jakarta/annotation/jakarta.annotation-api/2.1.1/jakarta.annotation-api-2.1.1.jar:/home/amur/.m2/repository/org/yaml/snakeyaml/2.2/snakeyaml-2.2.jar:/home/amur/.m2/repository/jakarta/persistence/jakarta.persistence-api/3.1.0/jakarta.persistence-api-3.1.0.jar:/home/amur/.m2/repository/jakarta/transaction/jakarta.transaction-api/2.0.1/jakarta.transaction-api-2.0.1.jar:/home/amur/.m2/repository/org/jboss/logging/jboss-logging/3.5.0.Final/jboss-logging-3.5.0.Final.jar:/home/amur/.m2/repository/org/hibernate/common/hibernate-commons-annotations/6.0.6.Final/hibernate-commons-annotations-6.0.6.Final.jar:/home/amur/.m2/repository/io/smallrye/jandex/3.1.2/jandex-3.1.2.jar:/home/amur/.m2/repository/com/fasterxml/classmate/1.5.1/classmate-1.5.1.jar:/home/amur/.m2/repository/net/bytebuddy/byte-buddy/1.14.11/byte-buddy-1.14.11.jar:/home/amur/.m2/repository/jakarta/xml/bind/jakarta.xml.bind-api/4.0.0/jakarta.xml.bind-api-4.0.0.jar:/home/amur/.m2/repository/jakarta/activation/jakarta.activation-api/2.1.0/jakarta.activation-api-2.1.0.jar:/home/amur/.m2/repository/org/glassfish/jaxb/jaxb-runtime/4.0.2/jaxb-runtime-4.0.2.jar:/home/amur/.m2/repository/org/glassfish/jaxb/jaxb-core/4.0.2/jaxb-core-4.0.2.jar:/home/amur/.m2/repository/org/eclipse/angus/angus-activation/2.0.0/angus-activation-2.0.0.jar:/home/amur/.m2/repository/org/glassfish/jaxb/txw2/4.0.2/txw2-4.0.2.jar:/home/amur/.m2/repository/com/sun/istack/istack-commons-runtime/4.1.1/istack-commons-runtime-4.1.1.jar:/home/amur/.m2/repository/jakarta/inject/jakarta.inject-api/2.0.1/jakarta.inject-api-2.0.1.jar:/home/amur/.m2/repository/org/antlr/antlr4-runtime/4.13.0/antlr4-runtime-4.13.0.jar:/home/amur/.m2/repository/org/springframework/boot/spring-boot-starter-data-jpa/3.2.2/spring-boot-starter-data-jpa-3.2.2.jar:/home/amur/.m2/repository/org/springframework/boot/spring-boot-starter-aop/3.2.2/spring-boot-starter-aop-3.2.2.jar:/home/amur/.m2/repository/org/aspectj/aspectjweaver/1.9.21/aspectjweaver-1.9.21.jar:/home/amur/.m2/repository/org/springframework/boot/spring-boot-starter-jdbc/3.2.2/spring-boot-starter-jdbc-3.2.2.jar:/home/amur/.m2/repository/com/zaxxer/HikariCP/5.0.1/HikariCP-5.0.1.jar:/home/amur/.m2/repository/org/springframework/spring-jdbc/6.1.3/spring-jdbc-6.1.3.jar:/home/amur/.m2/repository/org/hibernate/orm/hibernate-core/6.4.1.Final/hibernate-core-6.4.1.Final.jar:/home/amur/.m2/repository/org/springframework/data/spring-data-jpa/3.2.2/spring-data-jpa-3.2.2.jar:/home/amur/.m2/repository/org/springframework/data/spring-data-commons/3.2.2/spring-data-commons-3.2.2.jar:/home/amur/.m2/repository/org/springframework/spring-orm/6.1.3/spring-orm-6.1.3.jar:/home/amur/.m2/repository/org/springframework/spring-tx/6.1.3/spring-tx-6.1.3.jar:/home/amur/.m2/repository/org/springframework/spring-aspects/6.1.3/spring-aspects-6.1.3.jar:/home/amur/.m2/repository/javax/xml/bind/jaxb-api/2.3.0/jaxb-api-2.3.0.jar:/home/amur/.m2/repository/org/postgresql/postgresql/42.7.2/postgresql-42.7.2.jar:/home/amur/.m2/repository/org/checkerframework/checker-qual/3.42.0/checker-qual-3.42.0.jar:/home/amur/.m2/repository/org/springframework/boot/spring-boot-starter-validation/3.2.2/spring-boot-starter-validation-3.2.2.jar:/home/amur/.m2/repository/org/apache/tomcat/embed/tomcat-embed-el/10.1.18/tomcat-embed-el-10.1.18.jar:/home/amur/.m2/repository/org/hibernate/validator/hibernate-validator/8.0.1.Final/hibernate-validator-8.0.1.Final.jar:/home/amur/.m2/repository/org/mockito/mockito-core/5.10.0/mockito-core-5.10.0.jar:/home/amur/.m2/repository/net/bytebuddy/byte-buddy-agent/1.14.11/byte-buddy-agent-1.14.11.jar:/home/amur/.m2/repository/org/objenesis/objenesis/3.3/objenesis-3.3.jar:/home/amur/.m2/repository/org/junit/jupiter/junit-jupiter-api/5.10.2/junit-jupiter-api-5.10.2.jar:/home/amur/.m2/repository/org/opentest4j/opentest4j/1.3.0/opentest4j-1.3.0.jar:/home/amur/.m2/repository/org/junit/platform/junit-platform-commons/1.10.2/junit-platform-commons-1.10.2.jar:/home/amur/.m2/repository/org/apiguardian/apiguardian-api/1.1.2/apiguardian-api-1.1.2.jar:/home/amur/.m2/repository/org/junit/jupiter/junit-jupiter-engine/5.10.2/junit-jupiter-engine-5.10.2.jar:/home/amur/.m2/repository/org/junit/platform/junit-platform-engine/1.10.2/junit-platform-engine-1.10.2.jar:/home/amur/.m2/repository/org/junit/jupiter/junit-jupiter/5.10.2/junit-jupiter-5.10.2.jar:/home/amur/.m2/repository/org/junit/jupiter/junit-jupiter-params/5.10.2/junit-jupiter-params-5.10.2.jar:/home/amur/.m2/repository/org/projectlombok/lombok/1.18.30/lombok-1.18.30.jar:"/>
    <property name="sun.cpu.endian" value="little"/>
    <property name="user.home" value="/home/amur"/>
    <property name="user.language" value="ru"/>
    <property name="java.specification.vendor" value="Oracle Corporation"/>
    <property name="java.version.date" value="2023-10-17"/>
    <property name="java.home" value="/usr/lib/jvm/java-17-openjdk-amd64"/>
    <property name="file.separator" value="/"/>
    <property name="basedir" value="/home/amur/Рабочий стол/DishBot"/>
    <property name="java.vm.compressedOopsMode" value="32-bit"/>
    <property name="line.separator" value="&#10;"/>
    <property name="java.vm.specification.vendor" value="Oracle Corporation"/>
    <property name="java.specification.name" value="Java Platform API Specification"/>
    <property name="surefire.real.class.path" value="/home/amur/Рабочий стол/DishBot/target/surefire/surefirebooter-20240226165043955_3.jar"/>
    <property name="sun.management.compiler" value="HotSpot 64-Bit Tiered Compilers"/>
    <property name="java.runtime.version" value="17.0.9+9-Ubuntu-122.04"/>
    <property name="user.name" value="amur"/>
    <property name="path.separator" value=":"/>
    <property name="os.version" value="6.5.0-18-generic"/>
    <property name="java.runtime.name" value="OpenJDK Runtime Environment"/>
    <property name="file.encoding" value="UTF-8"/>
    <property name="java.vm.name" value="OpenJDK 64-Bit Server VM"/>
    <property name="localRepository" value="/home/amur/.m2/repository"/>
    <property name="java.vendor.url.bug" value="Unknown"/>
    <property name="java.io.tmpdir" value="/tmp"/>
    <property name="idea.version" value="2023.3.4"/>
    <property name="java.version" value="17.0.9"/>
    <property name="user.dir" value="/home/amur/Рабочий стол/DishBot"/>
    <property name="os.arch" value="amd64"/>
    <property name="java.vm.specification.name" value="Java Virtual Machine Specification"/>
    <property name="native.encoding" value="UTF-8"/>
    <property name="java.library.path" value="/usr/java/packages/lib:/usr/lib/x86_64-linux-gnu/jni:/lib/x86_64-linux-gnu:/usr/lib/x86_64-linux-gnu:/usr/lib/jni:/lib:/usr/lib"/>
    <property name="java.vm.info" value="mixed mode, sharing"/>
    <property name="java.vendor" value="Private Build"/>
    <property name="java.vm.version" value="17.0.9+9-Ubuntu-122.04"/>
    <property name="sun.io.unicode.encoding" value="UnicodeLittle"/>
    <property name="java.class.version" value="61.0"/>
  </properties>
  <testcase name="whenUserExists_sendMainMenuIsCalled" classname="tg.bot.handlers.commands.StartCommandTest" time="1.668">
    <failure message="&#10;Wanted but not invoked:&#10;mainMenuService.sendMainMenu(12345L);&#10;-&gt; at tg.bot.view.MainMenuService.sendMainMenu(MainMenuService.java:28)&#10;Actually, there were zero interactions with this mock.&#10;" type="Wanted but not invoked"><![CDATA[Wanted but not invoked:
mainMenuService.sendMainMenu(12345L);
-> at tg.bot.view.MainMenuService.sendMainMenu(MainMenuService.java:28)
Actually, there were zero interactions with this mock.

	at tg.bot.view.MainMenuService.sendMainMenu(MainMenuService.java:28)
	at tg.bot.handlers.commands.StartCommandTest.whenUserExists_sendMainMenuIsCalled(StartCommandTest.java:54)
	at java.base/java.lang.reflect.Method.invoke(Method.java:568)
	at java.base/java.util.ArrayList.forEach(ArrayList.java:1511)
	at java.base/java.util.ArrayList.forEach(ArrayList.java:1511)
]]></failure>
  </testcase>
  <testcase name="whenUserDoesNotExist_requestPhoneNumberIsSent" classname="tg.bot.handlers.commands.StartCommandTest" time="0.013">
    <failure message="&#10;Wanted but not invoked:&#10;absSender.execute(&#10;    &lt;Capturing argument: SendMessage&gt;&#10;);&#10;-&gt; at org.telegram.telegrambots.meta.bots.AbsSender.execute(AbsSender.java:58)&#10;Actually, there were zero interactions with this mock.&#10;" type="Wanted but not invoked"><![CDATA[Wanted but not invoked:
absSender.execute(
    <Capturing argument: SendMessage>
);
-> at org.telegram.telegrambots.meta.bots.AbsSender.execute(AbsSender.java:58)
Actually, there were zero interactions with this mock.

	at org.telegram.telegrambots.meta.bots.AbsSender.execute(AbsSender.java:58)
	at tg.bot.handlers.commands.StartCommandTest.whenUserDoesNotExist_requestPhoneNumberIsSent(StartCommandTest.java:70)
	at java.base/java.lang.reflect.Method.invoke(Method.java:568)
	at java.base/java.util.ArrayList.forEach(ArrayList.java:1511)
	at java.base/java.util.ArrayList.forEach(ArrayList.java:1511)
]]></failure>
  </testcase>
</testsuite>